2024-01-20 09:35:46 +0000  Initial pipeline context: <IDEDistributionProcessingPipelineContext: 0x2c6186b70; archive(resolved)="<IDEArchive: 0x60000721ba20>", distributionTask(resolved)="2", distributionDestination(resolved)="1", distributionMethod(resolved)="<IDEDistributionMethodiOSAdHoc: 0x600011546500>", team(resolved)="<IDEProvisioningDisambiguatableBasicTeam: 0x600000b62ec0; teamID='3CN525AJMK', teamName='Anton Karl Love Holmberg', teamType='Individual', username='antonholmberg89@gmail.com', isFreeProvisioningTeam='0'>">
	Chain (14, self inclusive):
	<IDEDistributionProcessingPipelineContext: 0x2c6186b70; archive = "<IDEArchive: 0x60000721ba20>", distributionMethod="<IDEDistributionMethodiOSAdHoc: 0x600011546500>", team="<IDEProvisioningDisambiguatableBasicTeam: 0x600000b62ec0; teamID='3CN525AJMK', teamName='Anton Karl Love Holmberg', teamType='Individual', username='antonholmberg89@gmail.com', isFreeProvisioningTeam='0'>">
	<IDEDistributionProcessingPipelineContext: 0x2c20b7560; archive = "<IDEArchive: 0x60000721ba20>", distributionMethod="<IDEDistributionMethodiOSAdHoc: 0x600011546500>", team="<IDEProvisioningDisambiguatableBasicTeam: 0x600000b62ec0; teamID='3CN525AJMK', teamName='Anton Karl Love Holmberg', teamType='Individual', username='antonholmberg89@gmail.com', isFreeProvisioningTeam='0'>">
	<IDEDistributionContext: 0x32c2c3da0; archive = "<IDEArchive: 0x60000721ba20>", distributionMethod="<IDEDistributionMethodiOSAdHoc: 0x600011546500>", team="<IDEProvisioningDisambiguatableBasicTeam: 0x600000b62ec0; teamID='3CN525AJMK', teamName='Anton Karl Love Holmberg', teamType='Individual', username='antonholmberg89@gmail.com', isFreeProvisioningTeam='0'>">
	<IDEDistributionContext: 0x32c2c4780; archive = "<IDEArchive: 0x60000721ba20>", distributionMethod="<IDEDistributionMethodiOSAdHoc: 0x600011546500>", team="<IDEProvisioningDisambiguatableBasicTeam: 0x600000b62ec0; teamID='3CN525AJMK', teamName='Anton Karl Love Holmberg', teamType='Individual', username='antonholmberg89@gmail.com', isFreeProvisioningTeam='0'>">
	<IDEDistributionContext: 0x32c5d26c0; archive = "<IDEArchive: 0x60000721ba20>", distributionMethod="<IDEDistributionMethodiOSAdHoc: 0x600011546500>", team="<IDEProvisioningDisambiguatableBasicTeam: 0x600000b62ec0; teamID='3CN525AJMK', teamName='Anton Karl Love Holmberg', teamType='Individual', username='antonholmberg89@gmail.com', isFreeProvisioningTeam='0'>">
	<IDEDistributionContext: 0x2c2258160; archive = "<IDEArchive: 0x60000721ba20>", distributionMethod="<IDEDistributionMethodiOSAdHoc: 0x600011546500>", team="<IDEProvisioningDisambiguatableBasicTeam: 0x600000b62ec0; teamID='3CN525AJMK', teamName='Anton Karl Love Holmberg', teamType='Individual', username='antonholmberg89@gmail.com', isFreeProvisioningTeam='0'>">
	<IDEDistributionContext: 0x32c2bfc00; archive = "<IDEArchive: 0x60000721ba20>", distributionMethod="<IDEDistributionMethodiOSAdHoc: 0x600011546500>", team="<IDEProvisioningDisambiguatableBasicTeam: 0x600000b62ec0; teamID='3CN525AJMK', teamName='Anton Karl Love Holmberg', teamType='Individual', username='antonholmberg89@gmail.com', isFreeProvisioningTeam='0'>">
	<IDEDistributionContext: 0x32c2e7bf0; archive = "<IDEArchive: 0x60000721ba20>", distributionMethod="<IDEDistributionMethodiOSAdHoc: 0x600011546500>", team="<IDEProvisioningDisambiguatableBasicTeam: 0x600000b62ec0; teamID='3CN525AJMK', teamName='Anton Karl Love Holmberg', teamType='Individual', username='antonholmberg89@gmail.com', isFreeProvisioningTeam='0'>">
	<IDEDistributionContext: 0x32c2e79f0; archive = "<IDEArchive: 0x60000721ba20>", distributionMethod="<IDEDistributionMethodiOSAdHoc: 0x600011546500>", team="<IDEProvisioningDisambiguatableBasicTeam: 0x600000b62ec0; teamID='3CN525AJMK', teamName='Anton Karl Love Holmberg', teamType='Individual', username='antonholmberg89@gmail.com', isFreeProvisioningTeam='0'>">
	<IDEDistributionContext: 0x2c2258520; archive = "<IDEArchive: 0x60000721ba20>", distributionMethod="<IDEDistributionMethodiOSAdHoc: 0x600011546500>", team="(null)">
	<IDEDistributionContext: 0x2c22e3450; archive = "<IDEArchive: 0x60000721ba20>", distributionMethod="<IDEDistributionMethodiOSAdHoc: 0x600011546500>", team="(null)">
	<IDEDistributionContext: 0x2c22e3250; archive = "<IDEArchive: 0x60000721ba20>", distributionMethod="<IDEDistributionMethodiOSAdHoc: 0x600011546500>", team="(null)">
	<IDEDistributionContext: 0x10c4db760; archive = "<IDEArchive: 0x60000721ba20>", distributionMethod="<IDEDistributionMethodiOSAdHoc: 0x600011546500>", team="(null)">
	<IDEDistributionContext: 0x32d9984d0; archive = "<IDEArchive: 0x60000721ba20>", distributionMethod="(null)", team="(null)">
</IDEDistributionProcessingPipelineContext: 0x2c6186b70>
2024-01-20 09:35:46 +0000  Processing step: IDEDistributionCreateDestRootStep
2024-01-20 09:35:46 +0000  Processing step: IDEDistributionCopyItemStep
2024-01-20 09:35:46 +0000  Running /usr/bin/ditto '-V' '/Users/antonholmberg/Library/Developer/Xcode/Archives/2024-01-20/PolyPine iOS 2024-01-20, 10.25.xcarchive/Products/Applications/PolyPine.app' '/var/folders/tk/5q49l2w92qb23wj8y3yt5dbw0000gn/T/XcodeDistPipeline.~~~2HbDIJ/Root/Payload/PolyPine.app'
2024-01-20 09:35:46 +0000  >>> Copying /Users/antonholmberg/Library/Developer/Xcode/Archives/2024-01-20/PolyPine iOS 2024-01-20, 10.25.xcarchive/Products/Applications/PolyPine.app 
2024-01-20 09:35:46 +0000  copying file ./_CodeSignature/CodeResources ... 
2024-01-20 09:35:46 +0000  23911 bytes for ./_CodeSignature/CodeResources
2024-01-20 09:35:46 +0000  copying file ./AppIcon60x60@2x.png ... 
2024-01-20 09:35:46 +0000  5965 bytes for ./AppIcon60x60@2x.png
2024-01-20 09:35:46 +0000  copying file ./PolyPine ... 
2024-01-20 09:35:46 +0000  2046448 bytes for ./PolyPine
copying file ./Assets.car ... 
2024-01-20 09:35:46 +0000  109663 bytes for ./Assets.car
2024-01-20 09:35:46 +0000  copying file ./AppIcon76x76@2x~ipad.png ... 
2024-01-20 09:35:46 +0000  6587 bytes for ./AppIcon76x76@2x~ipad.png
2024-01-20 09:35:46 +0000  copying file ./LaunchScreen.storyboardc/01J-lp-oVM-view-Ze5-6b-2t3.nib ... 
2024-01-20 09:35:46 +0000  2553 bytes for ./LaunchScreen.storyboardc/01J-lp-oVM-view-Ze5-6b-2t3.nib
2024-01-20 09:35:46 +0000  copying file ./LaunchScreen.storyboardc/UIViewController-01J-lp-oVM.nib ... 
2024-01-20 09:35:46 +0000  896 bytes for ./LaunchScreen.storyboardc/UIViewController-01J-lp-oVM.nib
2024-01-20 09:35:46 +0000  copying file ./LaunchScreen.storyboardc/Info.plist ... 
2024-01-20 09:35:46 +0000  258 bytes for ./LaunchScreen.storyboardc/Info.plist
2024-01-20 09:35:46 +0000  copying file ./embedded.mobileprovision ... 
2024-01-20 09:35:46 +0000  12830 bytes for ./embedded.mobileprovision
2024-01-20 09:35:46 +0000  copying file ./assets/icofont.ttf ... 
2024-01-20 09:35:46 +0000  6792 bytes for ./assets/icofont.ttf
2024-01-20 09:35:46 +0000  copying file ./assets/Halogen.ttf ... 
2024-01-20 09:35:46 +0000  51396 bytes for ./assets/Halogen.ttf
2024-01-20 09:35:46 +0000  copying file ./assets/requirement_icons.ttf ... 
2024-01-20 09:35:46 +0000  19480 bytes for ./assets/requirement_icons.ttf
2024-01-20 09:35:46 +0000  copying file ./assets/trees/birch2.json ... 
2024-01-20 09:35:46 +0000  104125 bytes for ./assets/trees/birch2.json
2024-01-20 09:35:46 +0000  copying file ./assets/trees/oak8.json ... 
2024-01-20 09:35:46 +0000  126840 bytes for ./assets/trees/oak8.json
2024-01-20 09:35:46 +0000  copying file ./assets/trees/beech2.json ... 
2024-01-20 09:35:46 +0000  87384 bytes for ./assets/trees/beech2.json
2024-01-20 09:35:46 +0000  copying file ./assets/trees/oak4.json ... 
2024-01-20 09:35:46 +0000  73747 bytes for ./assets/trees/oak4.json
2024-01-20 09:35:46 +0000  copying file ./assets/trees/birch15.json ... 
2024-01-20 09:35:46 +0000  64722 bytes for ./assets/trees/birch15.json
2024-01-20 09:35:46 +0000  copying file ./assets/trees/birch14.json ... 
2024-01-20 09:35:46 +0000  30707 bytes for ./assets/trees/birch14.json
2024-01-20 09:35:46 +0000  copying file ./assets/trees/oak5.json ... 
2024-01-20 09:35:46 +0000  40311 bytes for ./assets/trees/oak5.json
2024-01-20 09:35:46 +0000  copying file ./assets/trees/beech3.json ... 
2024-01-20 09:35:46 +0000  122968 bytes for ./assets/trees/beech3.json
2024-01-20 09:35:46 +0000  copying file ./assets/trees/oak9.json ... 
2024-01-20 09:35:46 +0000  101599 bytes for ./assets/trees/oak9.json
2024-01-20 09:35:46 +0000  copying file ./assets/trees/birch3.json ... 
2024-01-20 09:35:46 +0000  84711 bytes for ./assets/trees/birch3.json
2024-01-20 09:35:46 +0000  copying file ./assets/trees/birch8.json ... 
2024-01-20 09:35:46 +0000  22156 bytes for ./assets/trees/birch8.json
2024-01-20 09:35:46 +0000  copying file ./assets/trees/beech11.json ... 
2024-01-20 09:35:46 +0000  10623 bytes for ./assets/trees/beech11.json
2024-01-20 09:35:46 +0000  copying file ./assets/trees/oak11.json ... 
2024-01-20 09:35:46 +0000  15850 bytes for ./assets/trees/oak11.json
2024-01-20 09:35:46 +0000  copying file ./assets/trees/beech4.json ... 
2024-01-20 09:35:46 +0000  138973 bytes for ./assets/trees/beech4.json
2024-01-20 09:35:46 +0000  copying file ./assets/trees/oak2.json ... 
2024-01-20 09:35:46 +0000  124734 bytes for ./assets/trees/oak2.json
2024-01-20 09:35:46 +0000  copying file ./assets/trees/birch13.json ... 
2024-01-20 09:35:46 +0000  25273 bytes for ./assets/trees/birch13.json
2024-01-20 09:35:46 +0000  copying file ./assets/trees/birch4.json ... 
2024-01-20 09:35:46 +0000  61978 bytes for ./assets/trees/birch4.json
2024-01-20 09:35:46 +0000  copying file ./assets/trees/beech8.json ... 
2024-01-20 09:35:46 +0000  201968 bytes for ./assets/trees/beech8.json
2024-01-20 09:35:46 +0000  copying file ./assets/trees/beech9.json ... 
2024-01-20 09:35:46 +0000  60595 bytes for ./assets/trees/beech9.json
2024-01-20 09:35:46 +0000  copying file ./assets/trees/birch5.json ... 
2024-01-20 09:35:46 +0000  114085 bytes for ./assets/trees/birch5.json
2024-01-20 09:35:46 +0000  copying file ./assets/trees/birch12.json ... 
2024-01-20 09:35:46 +0000  22740 bytes for ./assets/trees/birch12.json
2024-01-20 09:35:46 +0000  copying file ./assets/trees/oak3.json ... 
2024-01-20 09:35:46 +0000  112914 bytes for ./assets/trees/oak3.json
2024-01-20 09:35:46 +0000  copying file ./assets/trees/oak10.json ... 
2024-01-20 09:35:46 +0000  68990 bytes for ./assets/trees/oak10.json
2024-01-20 09:35:46 +0000  copying file ./assets/trees/beech5.json ... 
2024-01-20 09:35:46 +0000  182553 bytes for ./assets/trees/beech5.json
2024-01-20 09:35:46 +0000  copying file ./assets/trees/beech10.json ... 
2024-01-20 09:35:46 +0000  76982 bytes for ./assets/trees/beech10.json
2024-01-20 09:35:46 +0000  copying file ./assets/trees/birch9.json ... 
2024-01-20 09:35:46 +0000  111545 bytes for ./assets/trees/birch9.json
2024-01-20 09:35:46 +0000  copying file ./assets/trees/birch11.json ... 
2024-01-20 09:35:46 +0000  19054 bytes for ./assets/trees/birch11.json
2024-01-20 09:35:46 +0000  copying file ./assets/trees/beech6.json ... 
2024-01-20 09:35:46 +0000  110468 bytes for ./assets/trees/beech6.json
2024-01-20 09:35:46 +0000  copying file ./assets/trees/oak13.json ... 
2024-01-20 09:35:46 +0000  184867 bytes for ./assets/trees/oak13.json
2024-01-20 09:35:46 +0000  copying file ./assets/trees/beech13.json ... 
2024-01-20 09:35:46 +0000  44407 bytes for ./assets/trees/beech13.json
2024-01-20 09:35:46 +0000  copying file ./assets/trees/birch6.json ... 
2024-01-20 09:35:46 +0000  107081 bytes for ./assets/trees/birch6.json
2024-01-20 09:35:46 +0000  copying file ./assets/trees/birch7.json ... 
2024-01-20 09:35:46 +0000  74904 bytes for ./assets/trees/birch7.json
2024-01-20 09:35:46 +0000  copying file ./assets/trees/beech12.json ... 
2024-01-20 09:35:46 +0000  22956 bytes for ./assets/trees/beech12.json
2024-01-20 09:35:46 +0000  copying file ./assets/trees/beech7.json ... 
2024-01-20 09:35:46 +0000  127036 bytes for ./assets/trees/beech7.json
2024-01-20 09:35:46 +0000  copying file ./assets/trees/oak12.json ... 
2024-01-20 09:35:46 +0000  15465 bytes for ./assets/trees/oak12.json
2024-01-20 09:35:46 +0000  copying file ./assets/trees/oak1.json ... 
2024-01-20 09:35:46 +0000  89695 bytes for ./assets/trees/oak1.json
2024-01-20 09:35:46 +0000  copying file ./assets/trees/birch10.json ... 
2024-01-20 09:35:46 +0000  132777 bytes for ./assets/trees/birch10.json
2024-01-20 09:35:46 +0000  copying file ./assets/trees/oak6.json ... 
2024-01-20 09:35:46 +0000  87351 bytes for ./assets/trees/oak6.json
2024-01-20 09:35:46 +0000  copying file ./assets/trees/oak15.json ... 
2024-01-20 09:35:46 +0000  29359 bytes for ./assets/trees/oak15.json
2024-01-20 09:35:46 +0000  copying file ./assets/trees/beech15.json ... 
2024-01-20 09:35:46 +0000  43573 bytes for ./assets/trees/beech15.json
2024-01-20 09:35:46 +0000  copying file ./assets/trees/beech14.json ... 
2024-01-20 09:35:46 +0000  37857 bytes for ./assets/trees/beech14.json
2024-01-20 09:35:46 +0000  copying file ./assets/trees/beech1.json ... 
2024-01-20 09:35:46 +0000  107889 bytes for ./assets/trees/beech1.json
2024-01-20 09:35:46 +0000  copying file ./assets/trees/oak14.json ... 
2024-01-20 09:35:46 +0000  26241 bytes for ./assets/trees/oak14.json
2024-01-20 09:35:46 +0000  copying file ./assets/trees/oak7.json ... 
2024-01-20 09:35:46 +0000  127141 bytes for ./assets/trees/oak7.json
2024-01-20 09:35:46 +0000  copying file ./assets/trees/birch1.json ... 
2024-01-20 09:35:46 +0000  94234 bytes for ./assets/trees/birch1.json
2024-01-20 09:35:46 +0000  copying file ./assets/squirrel.json ... 
2024-01-20 09:35:46 +0000  9512 bytes for ./assets/squirrel.json
2024-01-20 09:35:46 +0000  copying file ./assets/fox.json ... 
2024-01-20 09:35:46 +0000  26251 bytes for ./assets/fox.json
2024-01-20 09:35:46 +0000  copying file ./assets/deer.json ... 
2024-01-20 09:35:46 +0000  27545 bytes for ./assets/deer.json
2024-01-20 09:35:46 +0000  copying file ./assets/english.strings ... 
2024-01-20 09:35:46 +0000  3593 bytes for ./assets/english.strings
2024-01-20 09:35:46 +0000  copying file ./assets/swedish.strings ... 
2024-01-20 09:35:46 +0000  3673 bytes for ./assets/swedish.strings
2024-01-20 09:35:46 +0000  copying file ./assets/audio/music/rolling_hills.ogg ... 
2024-01-20 09:35:46 +0000  1557558 bytes for ./assets/audio/music/rolling_hills.ogg
2024-01-20 09:35:46 +0000  copying file ./assets/audio/music/growing_up.ogg ... 
2024-01-20 09:35:46 +0000  1565936 bytes for ./assets/audio/music/growing_up.ogg
2024-01-20 09:35:46 +0000  copying file ./assets/audio/music/stadjan.ogg ... 
2024-01-20 09:35:46 +0000  1111069 bytes for ./assets/audio/music/stadjan.ogg
2024-01-20 09:35:46 +0000  copying file ./assets/audio/music/moonrise.ogg ... 
2024-01-20 09:35:46 +0000  1581859 bytes for ./assets/audio/music/moonrise.ogg
2024-01-20 09:35:46 +0000  copying file ./assets/audio/music/dusk.ogg ... 
2024-01-20 09:35:46 +0000  2559659 bytes for ./assets/audio/music/dusk.ogg
2024-01-20 09:35:46 +0000  copying file ./assets/audio/music/falling_down.ogg ... 
2024-01-20 09:35:46 +0000  2077567 bytes for ./assets/audio/music/falling_down.ogg
2024-01-20 09:35:46 +0000  copying file ./assets/audio/snow.ogg ... 
2024-01-20 09:35:46 +0000  97639 bytes for ./assets/audio/snow.ogg
2024-01-20 09:35:46 +0000  copying file ./assets/audio/bee.ogg ... 
2024-01-20 09:35:46 +0000  47694 bytes for ./assets/audio/bee.ogg
2024-01-20 09:35:46 +0000  copying file ./assets/audio/digging.ogg ... 
2024-01-20 09:35:46 +0000  49516 bytes for ./assets/audio/digging.ogg
2024-01-20 09:35:46 +0000  copying file ./assets/audio/bird.ogg ... 
2024-01-20 09:35:46 +0000  223788 bytes for ./assets/audio/bird.ogg
2024-01-20 09:35:46 +0000  copying file ./assets/audio/chewing.ogg ... 
2024-01-20 09:35:46 +0000  31192 bytes for ./assets/audio/chewing.ogg
2024-01-20 09:35:46 +0000  copying file ./assets/audio/build2.ogg ... 
2024-01-20 09:35:46 +0000  6208 bytes for ./assets/audio/build2.ogg
2024-01-20 09:35:46 +0000  copying file ./assets/audio/build3.ogg ... 
2024-01-20 09:35:46 +0000  6123 bytes for ./assets/audio/build3.ogg
2024-01-20 09:35:46 +0000  copying file ./assets/audio/build1.ogg ... 
2024-01-20 09:35:46 +0000  6427 bytes for ./assets/audio/build1.ogg
2024-01-20 09:35:46 +0000  copying file ./assets/audio/rain.ogg ... 
2024-01-20 09:35:46 +0000  394397 bytes for ./assets/audio/rain.ogg
2024-01-20 09:35:46 +0000  copying file ./assets/audio/build4.ogg ... 
2024-01-20 09:35:46 +0000  6155 bytes for ./assets/audio/build4.ogg
2024-01-20 09:35:46 +0000  copying file ./assets/audio/tree.ogg ... 
2024-01-20 09:35:46 +0000  29760 bytes for ./assets/audio/tree.ogg
2024-01-20 09:35:46 +0000  copying file ./assets/audio/walking.ogg ... 
2024-01-20 09:35:46 +0000  49287 bytes for ./assets/audio/walking.ogg
2024-01-20 09:35:46 +0000  copying file ./assets/Montserrat-Regular2.ttf ... 
2024-01-20 09:35:46 +0000  304144 bytes for ./assets/Montserrat-Regular2.ttf
2024-01-20 09:35:46 +0000  copying file ./assets/bird_nest.json ... 
2024-01-20 09:35:46 +0000  1626 bytes for ./assets/bird_nest.json
2024-01-20 09:35:46 +0000  copying file ./assets/imgui.ini ... 
2024-01-20 09:35:46 +0000  584 bytes for ./assets/imgui.ini
2024-01-20 09:35:46 +0000  copying file ./assets/gui_trees/gui_spruce.json ... 
2024-01-20 09:35:46 +0000  957 bytes for ./assets/gui_trees/gui_spruce.json
2024-01-20 09:35:46 +0000  copying file ./assets/gui_trees/gui_maple.json ... 
2024-01-20 09:35:46 +0000  521 bytes for ./assets/gui_trees/gui_maple.json
2024-01-20 09:35:46 +0000  copying file ./assets/gui_trees/gui_beech.json ... 
2024-01-20 09:35:46 +0000  417 bytes for ./assets/gui_trees/gui_beech.json
2024-01-20 09:35:46 +0000  copying file ./assets/gui_trees/gui_pine.json ... 
2024-01-20 09:35:46 +0000  956 bytes for ./assets/gui_trees/gui_pine.json
2024-01-20 09:35:46 +0000  copying file ./assets/gui_trees/gui_birch.json ... 
2024-01-20 09:35:46 +0000  712 bytes for ./assets/gui_trees/gui_birch.json
2024-01-20 09:35:46 +0000  copying file ./assets/bird.json ... 
2024-01-20 09:35:46 +0000  14833 bytes for ./assets/bird.json
2024-01-20 09:35:46 +0000  copying file ./assets/butterfly.json ... 
2024-01-20 09:35:46 +0000  4266 bytes for ./assets/butterfly.json
2024-01-20 09:35:46 +0000  copying file ./assets/moose.json ... 
2024-01-20 09:35:46 +0000  26827 bytes for ./assets/moose.json
2024-01-20 09:35:46 +0000  copying file ./assets/hare.json ... 
2024-01-20 09:35:46 +0000  36296 bytes for ./assets/hare.json
2024-01-20 09:35:46 +0000  copying file ./assets/bee_hive.json ... 
2024-01-20 09:35:46 +0000  1973 bytes for ./assets/bee_hive.json
2024-01-20 09:35:46 +0000  copying file ./assets/tree_game.json ... 
2024-01-20 09:35:46 +0000  81319 bytes for ./assets/tree_game.json
2024-01-20 09:35:46 +0000  copying file ./assets/vole.json ... 
2024-01-20 09:35:46 +0000  6041 bytes for ./assets/vole.json
2024-01-20 09:35:46 +0000  copying file ./assets/bear.json ... 
2024-01-20 09:35:46 +0000  24864 bytes for ./assets/bear.json
2024-01-20 09:35:46 +0000  copying file ./Info.plist ... 
2024-01-20 09:35:46 +0000  1412 bytes for ./Info.plist
2024-01-20 09:35:46 +0000  copying file ./PkgInfo ... 
2024-01-20 09:35:46 +0000  8 bytes for ./PkgInfo
2024-01-20 09:35:46 +0000  /usr/bin/ditto exited with 0
2024-01-20 09:35:46 +0000  Processing step: IDEDistributionEmbedProfileStep
2024-01-20 09:35:46 +0000  Processing step: IDEDistributionInfoPlistStep
2024-01-20 09:35:46 +0000  Skipping step: IDEDistributionInfoPlistStep because it said so
2024-01-20 09:35:46 +0000  Processing step: IDEDistributionAppThinningPlistStep
2024-01-20 09:35:46 +0000  Skipping step: IDEDistributionAppThinningPlistStep because it said so
2024-01-20 09:35:46 +0000  Processing step: IDEDistributionCompileBitcodeStep
2024-01-20 09:35:46 +0000  Skipping step: IDEDistributionCompileBitcodeStep because it said so
2024-01-20 09:35:46 +0000  Processing step: IDEDistributionCodeSlimmingStep
2024-01-20 09:35:46 +0000  Processing step: IDEDistributionCopyBCSymbolMapsStep
2024-01-20 09:35:46 +0000  Skipping step: IDEDistributionCopyBCSymbolMapsStep because it said so
2024-01-20 09:35:46 +0000  Processing step: IDEDistributionSymbolsStep
2024-01-20 09:35:46 +0000  Skipping step: IDEDistributionSymbolsStep because it said so
2024-01-20 09:35:46 +0000  Processing step: IDEDistributionAppThinningStep
2024-01-20 09:35:46 +0000  Skipping step: IDEDistributionAppThinningStep because it said so
2024-01-20 09:35:46 +0000  Processing step: IDEDistributionArchThinningStep
2024-01-20 09:35:46 +0000  Running /Applications/Xcode.app/Contents/Developer/Toolchains/XcodeDefault.xctoolchain/usr/bin/lipo '/var/folders/tk/5q49l2w92qb23wj8y3yt5dbw0000gn/T/XcodeDistPipeline.~~~2HbDIJ/Root/Payload/PolyPine.app/PolyPine' '-verify_arch' 'arm64e'
2024-01-20 09:35:46 +0000  /Applications/Xcode.app/Contents/Developer/Toolchains/XcodeDefault.xctoolchain/usr/bin/lipo exited with 1
2024-01-20 09:35:46 +0000  Skipping architecture thinning for item "PolyPine" because arch "arm64e" wasn't found
2024-01-20 09:35:46 +0000  Processing step: IDEDistributionODRStep
2024-01-20 09:35:46 +0000  Processing step: IDEDistributionStripXattrsStep
2024-01-20 09:35:46 +0000  Running /usr/bin/xattr '-crs' '/var/folders/tk/5q49l2w92qb23wj8y3yt5dbw0000gn/T/XcodeDistPipeline.~~~2HbDIJ/Root/Payload/PolyPine.app'
2024-01-20 09:35:46 +0000  /usr/bin/xattr exited with 0
2024-01-20 09:35:46 +0000  Processing step: IDEDistributionCodesignStep
2024-01-20 09:35:46 +0000  Entitlements for <IDEDistributionItem: 0x60000b374180; bundleID='com.cloudberrypine.polypine', path='<DVTFilePath:0x600013f72060:'/Users/antonholmberg/Library/Developer/Xcode/Archives/2024-01-20/PolyPine iOS 2024-01-20, 10.25.xcarchive/Products/Applications/PolyPine.app'>', codeSigningInfo='<_DVTCodeSigningInformation_Path: 0x60004741cd20; isSigned='1', isAdHocSigned='0', signingCertificate='<DVTSigningCertificate: 0x6000060100b0; name='Apple Development: Anton Karl Love Holmberg (T56LH29V8J)', hash='A2DB82D18A68675A97210ABB6955C9214A3A051A', serialNumber='3F1DBB8D37DC259CB6F5059739E9C389', certificateKinds='(
    "1.2.840.113635.100.6.1.12",
    "1.2.840.113635.100.6.1.2"
), issueDate='2023-02-11 21:52:11 +0000''>', entitlements='{
    "application-identifier" = "3CN525AJMK.com.cloudberrypine.polypine";
    "com.apple.developer.team-identifier" = 3CN525AJMK;
    "get-task-allow" = 1;
}', teamID='3CN525AJMK', identifier='com.cloudberrypine.polypine', executablePath='<DVTFilePath:0x600013f6e7d0:'/Users/antonholmberg/Library/Developer/Xcode/Archives/2024-01-20/PolyPine iOS 2024-01-20, 10.25.xcarchive/Products/Applications/PolyPine.app/PolyPine'>', hardenedRuntime='0'>'>: {
    "application-identifier" = "3CN525AJMK.com.cloudberrypine.polypine";
    "com.apple.developer.team-identifier" = 3CN525AJMK;
    "get-task-allow" = 0;
}
2024-01-20 09:35:46 +0000  Entitlements for <IDEDistributionItem: 0x60000b374180; bundleID='com.cloudberrypine.polypine', path='<DVTFilePath:0x600013f72060:'/Users/antonholmberg/Library/Developer/Xcode/Archives/2024-01-20/PolyPine iOS 2024-01-20, 10.25.xcarchive/Products/Applications/PolyPine.app'>', codeSigningInfo='<_DVTCodeSigningInformation_Path: 0x60004741cd20; isSigned='1', isAdHocSigned='0', signingCertificate='<DVTSigningCertificate: 0x6000023d72e0; name='Apple Development: Anton Karl Love Holmberg (T56LH29V8J)', hash='A2DB82D18A68675A97210ABB6955C9214A3A051A', serialNumber='3F1DBB8D37DC259CB6F5059739E9C389', certificateKinds='(
    "1.2.840.113635.100.6.1.12",
    "1.2.840.113635.100.6.1.2"
), issueDate='2023-02-11 21:52:11 +0000''>', entitlements='{
    "application-identifier" = "3CN525AJMK.com.cloudberrypine.polypine";
    "com.apple.developer.team-identifier" = 3CN525AJMK;
    "get-task-allow" = 1;
}', teamID='3CN525AJMK', identifier='com.cloudberrypine.polypine', executablePath='<DVTFilePath:0x600013f6e7d0:'/Users/antonholmberg/Library/Developer/Xcode/Archives/2024-01-20/PolyPine iOS 2024-01-20, 10.25.xcarchive/Products/Applications/PolyPine.app/PolyPine'>', hardenedRuntime='0'>'> are: {
    "application-identifier" = "3CN525AJMK.com.cloudberrypine.polypine";
    "com.apple.developer.team-identifier" = 3CN525AJMK;
    "get-task-allow" = 0;
}
2024-01-20 09:35:46 +0000  Writing entitlements for <IDEDistributionItem: 0x60000b374180; bundleID='com.cloudberrypine.polypine', path='<DVTFilePath:0x600013f72060:'/Users/antonholmberg/Library/Developer/Xcode/Archives/2024-01-20/PolyPine iOS 2024-01-20, 10.25.xcarchive/Products/Applications/PolyPine.app'>', codeSigningInfo='<_DVTCodeSigningInformation_Path: 0x60004741cd20; isSigned='1', isAdHocSigned='0', signingCertificate='<DVTSigningCertificate: 0x6000023d6ec0; name='Apple Development: Anton Karl Love Holmberg (T56LH29V8J)', hash='A2DB82D18A68675A97210ABB6955C9214A3A051A', serialNumber='3F1DBB8D37DC259CB6F5059739E9C389', certificateKinds='(
    "1.2.840.113635.100.6.1.12",
    "1.2.840.113635.100.6.1.2"
), issueDate='2023-02-11 21:52:11 +0000''>', entitlements='{
    "application-identifier" = "3CN525AJMK.com.cloudberrypine.polypine";
    "com.apple.developer.team-identifier" = 3CN525AJMK;
    "get-task-allow" = 1;
}', teamID='3CN525AJMK', identifier='com.cloudberrypine.polypine', executablePath='<DVTFilePath:0x600013f6e7d0:'/Users/antonholmberg/Library/Developer/Xcode/Archives/2024-01-20/PolyPine iOS 2024-01-20, 10.25.xcarchive/Products/Applications/PolyPine.app/PolyPine'>', hardenedRuntime='0'>'> to: /var/folders/tk/5q49l2w92qb23wj8y3yt5dbw0000gn/T/XcodeDistPipeline.~~~2HbDIJ/entitlements~~~pkrbCw
2024-01-20 09:35:46 +0000  Running /usr/bin/codesign '-vvv' '--force' '--sign' '4923F7D416F87C225BFF3AD23557E0B5492A0720' '--entitlements' '/var/folders/tk/5q49l2w92qb23wj8y3yt5dbw0000gn/T/XcodeDistPipeline.~~~2HbDIJ/entitlements~~~pkrbCw' '--generate-entitlement-der' '--preserve-metadata=identifier,flags,runtime' '/var/folders/tk/5q49l2w92qb23wj8y3yt5dbw0000gn/T/XcodeDistPipeline.~~~2HbDIJ/Root/Payload/PolyPine.app'
2024-01-20 09:35:46 +0000  /var/folders/tk/5q49l2w92qb23wj8y3yt5dbw0000gn/T/XcodeDistPipeline.~~~2HbDIJ/Root/Payload/PolyPine.app: replacing existing signature
2024-01-20 09:35:46 +0000  /var/folders/tk/5q49l2w92qb23wj8y3yt5dbw0000gn/T/XcodeDistPipeline.~~~2HbDIJ/Root/Payload/PolyPine.app: signed app bundle with Mach-O thin (arm64) [com.cloudberrypine.polypine]
2024-01-20 09:35:46 +0000  /usr/bin/codesign exited with 0
2024-01-20 09:35:46 +0000  Processing step: IDEDistributionZipODRItemStep
2024-01-20 09:35:46 +0000  Skipping step: IDEDistributionZipODRItemStep because it said so
2024-01-20 09:35:46 +0000  Processing step: IDEDistributionCreateIPAStep
2024-01-20 09:35:46 +0000  Running /usr/bin/ditto '-V' '-c' '-k' '--norsrc' '/var/folders/tk/5q49l2w92qb23wj8y3yt5dbw0000gn/T/XcodeDistPipeline.~~~2HbDIJ/Root' '/var/folders/tk/5q49l2w92qb23wj8y3yt5dbw0000gn/T/XcodeDistPipeline.~~~2HbDIJ/Packages/PolyPine.ipa'
2024-01-20 09:35:46 +0000  >>> Copying /var/folders/tk/5q49l2w92qb23wj8y3yt5dbw0000gn/T/XcodeDistPipeline.~~~2HbDIJ/Root 
2024-01-20 09:35:46 +0000  copying file ./Payload/PolyPine.app/_CodeSignature/CodeResources ... 
2024-01-20 09:35:46 +0000  23911 bytes for ./Payload/PolyPine.app/_CodeSignature/CodeResources
2024-01-20 09:35:46 +0000  copying file ./Payload/PolyPine.app/AppIcon60x60@2x.png ... 
2024-01-20 09:35:46 +0000  5965 bytes for ./Payload/PolyPine.app/AppIcon60x60@2x.png
2024-01-20 09:35:46 +0000  copying file ./Payload/PolyPine.app/PolyPine ... 
2024-01-20 09:35:46 +0000  2046464 bytes for ./Payload/PolyPine.app/PolyPine
copying file ./Payload/PolyPine.app/Assets.car ... 
2024-01-20 09:35:46 +0000  109663 bytes for ./Payload/PolyPine.app/Assets.car
copying file ./Payload/PolyPine.app/AppIcon76x76@2x~ipad.png ... 
2024-01-20 09:35:46 +0000  6587 bytes for ./Payload/PolyPine.app/AppIcon76x76@2x~ipad.png
copying file ./Payload/PolyPine.app/LaunchScreen.storyboardc/01J-lp-oVM-view-Ze5-6b-2t3.nib ... 
2024-01-20 09:35:46 +0000  2553 bytes for ./Payload/PolyPine.app/LaunchScreen.storyboardc/01J-lp-oVM-view-Ze5-6b-2t3.nib
copying file ./Payload/PolyPine.app/LaunchScreen.storyboardc/UIViewController-01J-lp-oVM.nib ... 
2024-01-20 09:35:46 +0000  896 bytes for ./Payload/PolyPine.app/LaunchScreen.storyboardc/UIViewController-01J-lp-oVM.nib
copying file ./Payload/PolyPine.app/LaunchScreen.storyboardc/Info.plist ... 
2024-01-20 09:35:46 +0000  258 bytes for ./Payload/PolyPine.app/LaunchScreen.storyboardc/Info.plist
copying file ./Payload/PolyPine.app/embedded.mobileprovision ... 
2024-01-20 09:35:46 +0000  15109 bytes for ./Payload/PolyPine.app/embedded.mobileprovision
2024-01-20 09:35:46 +0000  copying file ./Payload/PolyPine.app/assets/icofont.ttf ... 
2024-01-20 09:35:46 +0000  6792 bytes for ./Payload/PolyPine.app/assets/icofont.ttf
2024-01-20 09:35:46 +0000  copying file ./Payload/PolyPine.app/assets/Halogen.ttf ... 
2024-01-20 09:35:46 +0000  51396 bytes for ./Payload/PolyPine.app/assets/Halogen.ttf
copying file ./Payload/PolyPine.app/assets/requirement_icons.ttf ... 
2024-01-20 09:35:46 +0000  19480 bytes for ./Payload/PolyPine.app/assets/requirement_icons.ttf
2024-01-20 09:35:46 +0000  copying file ./Payload/PolyPine.app/assets/trees/birch2.json ... 
2024-01-20 09:35:46 +0000  104125 bytes for ./Payload/PolyPine.app/assets/trees/birch2.json
copying file ./Payload/PolyPine.app/assets/trees/oak8.json ... 
2024-01-20 09:35:46 +0000  126840 bytes for ./Payload/PolyPine.app/assets/trees/oak8.json
copying file ./Payload/PolyPine.app/assets/trees/beech2.json ... 
2024-01-20 09:35:46 +0000  87384 bytes for ./Payload/PolyPine.app/assets/trees/beech2.json
copying file ./Payload/PolyPine.app/assets/trees/oak4.json ... 
2024-01-20 09:35:46 +0000  73747 bytes for ./Payload/PolyPine.app/assets/trees/oak4.json
copying file ./Payload/PolyPine.app/assets/trees/birch15.json ... 
2024-01-20 09:35:46 +0000  64722 bytes for ./Payload/PolyPine.app/assets/trees/birch15.json
copying file ./Payload/PolyPine.app/assets/trees/birch14.json ... 
2024-01-20 09:35:46 +0000  30707 bytes for ./Payload/PolyPine.app/assets/trees/birch14.json
copying file ./Payload/PolyPine.app/assets/trees/oak5.json ... 
2024-01-20 09:35:46 +0000  40311 bytes for ./Payload/PolyPine.app/assets/trees/oak5.json
copying file ./Payload/PolyPine.app/assets/trees/beech3.json ... 
2024-01-20 09:35:46 +0000  122968 bytes for ./Payload/PolyPine.app/assets/trees/beech3.json
copying file ./Payload/PolyPine.app/assets/trees/oak9.json ... 
2024-01-20 09:35:46 +0000  101599 bytes for ./Payload/PolyPine.app/assets/trees/oak9.json
copying file ./Payload/PolyPine.app/assets/trees/birch3.json ... 
2024-01-20 09:35:46 +0000  84711 bytes for ./Payload/PolyPine.app/assets/trees/birch3.json
2024-01-20 09:35:46 +0000  copying file ./Payload/PolyPine.app/assets/trees/birch8.json ... 
2024-01-20 09:35:46 +0000  22156 bytes for ./Payload/PolyPine.app/assets/trees/birch8.json
2024-01-20 09:35:46 +0000  copying file ./Payload/PolyPine.app/assets/trees/beech11.json ... 
2024-01-20 09:35:46 +0000  10623 bytes for ./Payload/PolyPine.app/assets/trees/beech11.json
2024-01-20 09:35:46 +0000  copying file ./Payload/PolyPine.app/assets/trees/oak11.json ... 
2024-01-20 09:35:46 +0000  15850 bytes for ./Payload/PolyPine.app/assets/trees/oak11.json
2024-01-20 09:35:46 +0000  copying file ./Payload/PolyPine.app/assets/trees/beech4.json ... 
2024-01-20 09:35:46 +0000  138973 bytes for ./Payload/PolyPine.app/assets/trees/beech4.json
copying file ./Payload/PolyPine.app/assets/trees/oak2.json ... 
2024-01-20 09:35:46 +0000  124734 bytes for ./Payload/PolyPine.app/assets/trees/oak2.json
copying file ./Payload/PolyPine.app/assets/trees/birch13.json ... 
2024-01-20 09:35:46 +0000  25273 bytes for ./Payload/PolyPine.app/assets/trees/birch13.json
2024-01-20 09:35:46 +0000  copying file ./Payload/PolyPine.app/assets/trees/birch4.json ... 
2024-01-20 09:35:46 +0000  61978 bytes for ./Payload/PolyPine.app/assets/trees/birch4.json
copying file ./Payload/PolyPine.app/assets/trees/beech8.json ... 
2024-01-20 09:35:46 +0000  201968 bytes for ./Payload/PolyPine.app/assets/trees/beech8.json
copying file ./Payload/PolyPine.app/assets/trees/beech9.json ... 
2024-01-20 09:35:46 +0000  60595 bytes for ./Payload/PolyPine.app/assets/trees/beech9.json
copying file ./Payload/PolyPine.app/assets/trees/birch5.json ... 
2024-01-20 09:35:46 +0000  114085 bytes for ./Payload/PolyPine.app/assets/trees/birch5.json
copying file ./Payload/PolyPine.app/assets/trees/birch12.json ... 
2024-01-20 09:35:46 +0000  22740 bytes for ./Payload/PolyPine.app/assets/trees/birch12.json
2024-01-20 09:35:46 +0000  copying file ./Payload/PolyPine.app/assets/trees/oak3.json ... 
2024-01-20 09:35:46 +0000  112914 bytes for ./Payload/PolyPine.app/assets/trees/oak3.json
copying file ./Payload/PolyPine.app/assets/trees/oak10.json ... 
2024-01-20 09:35:46 +0000  68990 bytes for ./Payload/PolyPine.app/assets/trees/oak10.json
copying file ./Payload/PolyPine.app/assets/trees/beech5.json ... 
2024-01-20 09:35:46 +0000  182553 bytes for ./Payload/PolyPine.app/assets/trees/beech5.json
copying file ./Payload/PolyPine.app/assets/trees/beech10.json ... 
2024-01-20 09:35:46 +0000  76982 bytes for ./Payload/PolyPine.app/assets/trees/beech10.json
copying file ./Payload/PolyPine.app/assets/trees/birch9.json ... 
2024-01-20 09:35:46 +0000  111545 bytes for ./Payload/PolyPine.app/assets/trees/birch9.json
copying file ./Payload/PolyPine.app/assets/trees/birch11.json ... 
2024-01-20 09:35:46 +0000  19054 bytes for ./Payload/PolyPine.app/assets/trees/birch11.json
copying file ./Payload/PolyPine.app/assets/trees/beech6.json ... 
2024-01-20 09:35:46 +0000  110468 bytes for ./Payload/PolyPine.app/assets/trees/beech6.json
2024-01-20 09:35:46 +0000  copying file ./Payload/PolyPine.app/assets/trees/oak13.json ... 
2024-01-20 09:35:46 +0000  184867 bytes for ./Payload/PolyPine.app/assets/trees/oak13.json
2024-01-20 09:35:46 +0000  copying file ./Payload/PolyPine.app/assets/trees/beech13.json ... 
2024-01-20 09:35:46 +0000  44407 bytes for ./Payload/PolyPine.app/assets/trees/beech13.json
copying file ./Payload/PolyPine.app/assets/trees/birch6.json ... 
2024-01-20 09:35:46 +0000  107081 bytes for ./Payload/PolyPine.app/assets/trees/birch6.json
copying file ./Payload/PolyPine.app/assets/trees/birch7.json ... 
2024-01-20 09:35:46 +0000  74904 bytes for ./Payload/PolyPine.app/assets/trees/birch7.json
copying file ./Payload/PolyPine.app/assets/trees/beech12.json ... 
2024-01-20 09:35:46 +0000  22956 bytes for ./Payload/PolyPine.app/assets/trees/beech12.json
copying file ./Payload/PolyPine.app/assets/trees/beech7.json ... 
2024-01-20 09:35:46 +0000  127036 bytes for ./Payload/PolyPine.app/assets/trees/beech7.json
copying file ./Payload/PolyPine.app/assets/trees/oak12.json ... 
2024-01-20 09:35:46 +0000  15465 bytes for ./Payload/PolyPine.app/assets/trees/oak12.json
2024-01-20 09:35:46 +0000  copying file ./Payload/PolyPine.app/assets/trees/oak1.json ... 
2024-01-20 09:35:46 +0000  89695 bytes for ./Payload/PolyPine.app/assets/trees/oak1.json
2024-01-20 09:35:46 +0000  copying file ./Payload/PolyPine.app/assets/trees/birch10.json ... 
2024-01-20 09:35:46 +0000  132777 bytes for ./Payload/PolyPine.app/assets/trees/birch10.json
copying file ./Payload/PolyPine.app/assets/trees/oak6.json ... 
2024-01-20 09:35:46 +0000  87351 bytes for ./Payload/PolyPine.app/assets/trees/oak6.json
copying file ./Payload/PolyPine.app/assets/trees/oak15.json ... 
2024-01-20 09:35:46 +0000  29359 bytes for ./Payload/PolyPine.app/assets/trees/oak15.json
copying file ./Payload/PolyPine.app/assets/trees/beech15.json ... 
2024-01-20 09:35:46 +0000  43573 bytes for ./Payload/PolyPine.app/assets/trees/beech15.json
copying file ./Payload/PolyPine.app/assets/trees/beech14.json ... 
2024-01-20 09:35:46 +0000  37857 bytes for ./Payload/PolyPine.app/assets/trees/beech14.json
copying file ./Payload/PolyPine.app/assets/trees/beech1.json ... 
2024-01-20 09:35:46 +0000  107889 bytes for ./Payload/PolyPine.app/assets/trees/beech1.json
copying file ./Payload/PolyPine.app/assets/trees/oak14.json ... 
2024-01-20 09:35:46 +0000  26241 bytes for ./Payload/PolyPine.app/assets/trees/oak14.json
copying file ./Payload/PolyPine.app/assets/trees/oak7.json ... 
2024-01-20 09:35:46 +0000  127141 bytes for ./Payload/PolyPine.app/assets/trees/oak7.json
copying file ./Payload/PolyPine.app/assets/trees/birch1.json ... 
2024-01-20 09:35:46 +0000  94234 bytes for ./Payload/PolyPine.app/assets/trees/birch1.json
copying file ./Payload/PolyPine.app/assets/squirrel.json ... 
2024-01-20 09:35:46 +0000  9512 bytes for ./Payload/PolyPine.app/assets/squirrel.json
2024-01-20 09:35:46 +0000  copying file ./Payload/PolyPine.app/assets/fox.json ... 
2024-01-20 09:35:46 +0000  26251 bytes for ./Payload/PolyPine.app/assets/fox.json
copying file ./Payload/PolyPine.app/assets/deer.json ... 
2024-01-20 09:35:46 +0000  27545 bytes for ./Payload/PolyPine.app/assets/deer.json
2024-01-20 09:35:46 +0000  copying file ./Payload/PolyPine.app/assets/english.strings ... 
2024-01-20 09:35:46 +0000  3593 bytes for ./Payload/PolyPine.app/assets/english.strings
2024-01-20 09:35:46 +0000  copying file ./Payload/PolyPine.app/assets/swedish.strings ... 
2024-01-20 09:35:46 +0000  3673 bytes for ./Payload/PolyPine.app/assets/swedish.strings
2024-01-20 09:35:46 +0000  copying file ./Payload/PolyPine.app/assets/audio/music/rolling_hills.ogg ... 
2024-01-20 09:35:46 +0000  1557558 bytes for ./Payload/PolyPine.app/assets/audio/music/rolling_hills.ogg
copying file ./Payload/PolyPine.app/assets/audio/music/growing_up.ogg ... 
2024-01-20 09:35:46 +0000  1565936 bytes for ./Payload/PolyPine.app/assets/audio/music/growing_up.ogg
copying file ./Payload/PolyPine.app/assets/audio/music/stadjan.ogg ... 
2024-01-20 09:35:46 +0000  1111069 bytes for ./Payload/PolyPine.app/assets/audio/music/stadjan.ogg
copying file ./Payload/PolyPine.app/assets/audio/music/moonrise.ogg ... 
2024-01-20 09:35:47 +0000  1581859 bytes for ./Payload/PolyPine.app/assets/audio/music/moonrise.ogg
copying file ./Payload/PolyPine.app/assets/audio/music/dusk.ogg ... 
2024-01-20 09:35:47 +0000  2559659 bytes for ./Payload/PolyPine.app/assets/audio/music/dusk.ogg
copying file ./Payload/PolyPine.app/assets/audio/music/falling_down.ogg ... 
2024-01-20 09:35:47 +0000  2077567 bytes for ./Payload/PolyPine.app/assets/audio/music/falling_down.ogg
copying file ./Payload/PolyPine.app/assets/audio/snow.ogg ... 
2024-01-20 09:35:47 +0000  97639 bytes for ./Payload/PolyPine.app/assets/audio/snow.ogg
copying file ./Payload/PolyPine.app/assets/audio/bee.ogg ... 
2024-01-20 09:35:47 +0000  47694 bytes for ./Payload/PolyPine.app/assets/audio/bee.ogg
copying file ./Payload/PolyPine.app/assets/audio/digging.ogg ... 
2024-01-20 09:35:47 +0000  49516 bytes for ./Payload/PolyPine.app/assets/audio/digging.ogg
copying file ./Payload/PolyPine.app/assets/audio/bird.ogg ... 
2024-01-20 09:35:47 +0000  223788 bytes for ./Payload/PolyPine.app/assets/audio/bird.ogg
copying file ./Payload/PolyPine.app/assets/audio/chewing.ogg ... 
2024-01-20 09:35:47 +0000  31192 bytes for ./Payload/PolyPine.app/assets/audio/chewing.ogg
copying file ./Payload/PolyPine.app/assets/audio/build2.ogg ... 
2024-01-20 09:35:47 +0000  6208 bytes for ./Payload/PolyPine.app/assets/audio/build2.ogg
2024-01-20 09:35:47 +0000  copying file ./Payload/PolyPine.app/assets/audio/build3.ogg ... 
2024-01-20 09:35:47 +0000  6123 bytes for ./Payload/PolyPine.app/assets/audio/build3.ogg
2024-01-20 09:35:47 +0000  copying file ./Payload/PolyPine.app/assets/audio/build1.ogg ... 
2024-01-20 09:35:47 +0000  6427 bytes for ./Payload/PolyPine.app/assets/audio/build1.ogg
2024-01-20 09:35:47 +0000  copying file ./Payload/PolyPine.app/assets/audio/rain.ogg ... 
2024-01-20 09:35:47 +0000  394397 bytes for ./Payload/PolyPine.app/assets/audio/rain.ogg
2024-01-20 09:35:47 +0000  copying file ./Payload/PolyPine.app/assets/audio/build4.ogg ... 
2024-01-20 09:35:47 +0000  6155 bytes for ./Payload/PolyPine.app/assets/audio/build4.ogg
2024-01-20 09:35:47 +0000  copying file ./Payload/PolyPine.app/assets/audio/tree.ogg ... 
2024-01-20 09:35:47 +0000  29760 bytes for ./Payload/PolyPine.app/assets/audio/tree.ogg
copying file ./Payload/PolyPine.app/assets/audio/walking.ogg ... 
2024-01-20 09:35:47 +0000  49287 bytes for ./Payload/PolyPine.app/assets/audio/walking.ogg
copying file ./Payload/PolyPine.app/assets/Montserrat-Regular2.ttf ... 
2024-01-20 09:35:47 +0000  304144 bytes for ./Payload/PolyPine.app/assets/Montserrat-Regular2.ttf
2024-01-20 09:35:47 +0000  copying file ./Payload/PolyPine.app/assets/bird_nest.json ... 
2024-01-20 09:35:47 +0000  1626 bytes for ./Payload/PolyPine.app/assets/bird_nest.json
copying file ./Payload/PolyPine.app/assets/imgui.ini ... 
2024-01-20 09:35:47 +0000  584 bytes for ./Payload/PolyPine.app/assets/imgui.ini
copying file ./Payload/PolyPine.app/assets/gui_trees/gui_spruce.json ... 
2024-01-20 09:35:47 +0000  957 bytes for ./Payload/PolyPine.app/assets/gui_trees/gui_spruce.json
2024-01-20 09:35:47 +0000  copying file ./Payload/PolyPine.app/assets/gui_trees/gui_maple.json ... 
2024-01-20 09:35:47 +0000  521 bytes for ./Payload/PolyPine.app/assets/gui_trees/gui_maple.json
copying file ./Payload/PolyPine.app/assets/gui_trees/gui_beech.json ... 
417 bytes for ./Payload/PolyPine.app/assets/gui_trees/gui_beech.json
copying file ./Payload/PolyPine.app/assets/gui_trees/gui_pine.json ... 
2024-01-20 09:35:47 +0000  956 bytes for ./Payload/PolyPine.app/assets/gui_trees/gui_pine.json
copying file ./Payload/PolyPine.app/assets/gui_trees/gui_birch.json ... 
2024-01-20 09:35:47 +0000  712 bytes for ./Payload/PolyPine.app/assets/gui_trees/gui_birch.json
2024-01-20 09:35:47 +0000  copying file ./Payload/PolyPine.app/assets/bird.json ... 
2024-01-20 09:35:47 +0000  14833 bytes for ./Payload/PolyPine.app/assets/bird.json
2024-01-20 09:35:47 +0000  copying file ./Payload/PolyPine.app/assets/butterfly.json ... 
2024-01-20 09:35:47 +0000  4266 bytes for ./Payload/PolyPine.app/assets/butterfly.json
2024-01-20 09:35:47 +0000  copying file ./Payload/PolyPine.app/assets/moose.json ... 
2024-01-20 09:35:47 +0000  26827 bytes for ./Payload/PolyPine.app/assets/moose.json
copying file ./Payload/PolyPine.app/assets/hare.json ... 
2024-01-20 09:35:47 +0000  36296 bytes for ./Payload/PolyPine.app/assets/hare.json
copying file ./Payload/PolyPine.app/assets/bee_hive.json ... 
2024-01-20 09:35:47 +0000  1973 bytes for ./Payload/PolyPine.app/assets/bee_hive.json
2024-01-20 09:35:47 +0000  copying file ./Payload/PolyPine.app/assets/tree_game.json ... 
2024-01-20 09:35:47 +0000  81319 bytes for ./Payload/PolyPine.app/assets/tree_game.json
copying file ./Payload/PolyPine.app/assets/vole.json ... 
2024-01-20 09:35:47 +0000  6041 bytes for ./Payload/PolyPine.app/assets/vole.json
2024-01-20 09:35:47 +0000  copying file ./Payload/PolyPine.app/assets/bear.json ... 
2024-01-20 09:35:47 +0000  24864 bytes for ./Payload/PolyPine.app/assets/bear.json
copying file ./Payload/PolyPine.app/Info.plist ... 
2024-01-20 09:35:47 +0000  1412 bytes for ./Payload/PolyPine.app/Info.plist
2024-01-20 09:35:47 +0000  copying file ./Payload/PolyPine.app/PkgInfo ... 
8 bytes for ./Payload/PolyPine.app/PkgInfo
2024-01-20 09:35:47 +0000  /usr/bin/ditto exited with 0
2024-01-20 09:35:47 +0000  Processing step: IDEDistributionAppStoreInformationStep
2024-01-20 09:35:47 +0000  Skipping step: IDEDistributionAppStoreInformationStep because it said so
2024-01-20 09:35:47 +0000  Processing step: IDEDistributionGenerateProcessedDistributionItems
2024-01-20 09:35:47 +0000  IDEDistributionItem init <DVTFilePath:0x60000bc1b8e0:'/var/folders/tk/5q49l2w92qb23wj8y3yt5dbw0000gn/T/XcodeDistPipeline.~~~2HbDIJ/Root/Payload/PolyPine.app'>
2024-01-20 09:35:47 +0000  Processing step: IDEDistributionCreateManifestStep
